-- The C compiler identification is GNU 11.4.0
-- The CXX compiler identification is GNU 11.4.0
-- Detecting C compiler ABI info
-- Detecting C compiler ABI info - done
-- Check for working C compiler: /usr/bin/cc - skipped
-- Detecting C compile features
-- Detecting C compile features - done
-- Detecting CXX compiler ABI info
-- Detecting CXX compiler ABI info - done
-- Check for working CXX compiler: /usr/bin/c++ - skipped
-- Detecting CXX compile features
-- Detecting CXX compile features - done
-- Found ament_cmake: 1.3.14 (/opt/ros/humble/share/ament_cmake/cmake)
-- Found Python3: /usr/bin/python3 (found version "3.10.12") found components: Interpreter 
-- Found ament_lint_auto: 0.12.15 (/opt/ros/humble/share/ament_lint_auto/cmake)
-- Added test 'lint_cmake' to check CMake code style
-- Added test 'xmllint' to check XML markup files
-- Configuring done
-- Generating done
-- Build files have been written to: /home/dz/lio_ws/build/vehicle_description
-- Install configuration: ""
-- Installing: /home/dz/lio_ws/install/vehicle_description/share/ament_index/resource_index/package_run_dependencies/vehicle_description
-- Installing: /home/dz/lio_ws/install/vehicle_description/share/ament_index/resource_index/parent_prefix_path/vehicle_description
-- Installing: /home/dz/lio_ws/install/vehicle_description/share/vehicle_description/environment/ament_prefix_path.sh
-- Installing: /home/dz/lio_ws/install/vehicle_description/share/vehicle_description/environment/ament_prefix_path.dsv
-- Installing: /home/dz/lio_ws/install/vehicle_description/share/vehicle_description/environment/path.sh
-- Installing: /home/dz/lio_ws/install/vehicle_description/share/vehicle_description/environment/path.dsv
-- Installing: /home/dz/lio_ws/install/vehicle_description/share/vehicle_description/local_setup.bash
-- Installing: /home/dz/lio_ws/install/vehicle_description/share/vehicle_description/local_setup.sh
-- Installing: /home/dz/lio_ws/install/vehicle_description/share/vehicle_description/local_setup.zsh
-- Installing: /home/dz/lio_ws/install/vehicle_description/share/vehicle_description/local_setup.dsv
-- Installing: /home/dz/lio_ws/install/vehicle_description/share/vehicle_description/package.dsv
-- Installing: /home/dz/lio_ws/install/vehicle_description/share/ament_index/resource_index/packages/vehicle_description
-- Installing: /home/dz/lio_ws/install/vehicle_description/share/vehicle_description/cmake/vehicle_descriptionConfig.cmake
-- Installing: /home/dz/lio_ws/install/vehicle_description/share/vehicle_description/cmake/vehicle_descriptionConfig-version.cmake
-- Installing: /home/dz/lio_ws/install/vehicle_description/share/vehicle_description/package.xml
