[0.009s] Invoking command in '/home/dz/lio_ws/build/vehicle_description': CMAKE_PREFIX_PATH=${CMAKE_PREFIX_PATH}:/home/dz/slam_ws/install/my_robot_sim:/home/dz/xycar_ws/install/my_lidar:/home/dz/xycar_ws/install/my_cam:/home/dz/xycar_ws/install/kookmin9_viewer:/home/dz/xycar_ws/install/ros_tcp_endpoint:/home/dz/xycar_ws/install/track_drive:/home/dz/xycar_ws/install/my_motor:/home/dz/xycar_ws/install/my_imu:/home/dz/ros2_ws/install/perception2:/home/dz/ros2_ws/install/dataset_to_bag:/opt/ros/humble /usr/bin/cmake /home/dz/lio_ws/src/vehicle_description -DCMAKE_INSTALL_PREFIX=/home/dz/lio_ws/install/vehicle_description
[0.072s] -- The C compiler identification is GNU 11.4.0
[0.160s] -- The CXX compiler identification is GNU 11.4.0
[0.169s] -- Detecting C compiler ABI info
[0.226s] -- Detecting C compiler ABI info - done
[0.230s] -- Check for working C compiler: /usr/bin/cc - skipped
[0.230s] -- Detecting C compile features
[0.231s] -- Detecting C compile features - done
[0.234s] -- Detecting CXX compiler ABI info
[0.295s] -- Detecting CXX compiler ABI info - done
[0.299s] -- Check for working CXX compiler: /usr/bin/c++ - skipped
[0.299s] -- Detecting CXX compile features
[0.300s] -- Detecting CXX compile features - done
[0.309s] -- Found ament_cmake: 1.3.14 (/opt/ros/humble/share/ament_cmake/cmake)
[0.448s] -- Found Python3: /usr/bin/python3 (found version "3.10.12") found components: Interpreter 
[0.547s] -- Found ament_lint_auto: 0.12.15 (/opt/ros/humble/share/ament_lint_auto/cmake)
[0.621s] -- Added test 'lint_cmake' to check CMake code style
[0.622s] -- Added test 'xmllint' to check XML markup files
[0.625s] -- Configuring done
[0.627s] -- Generating done
[0.628s] -- Build files have been written to: /home/dz/lio_ws/build/vehicle_description
[0.632s] Invoked command in '/home/dz/lio_ws/build/vehicle_description' returned '0': CMAKE_PREFIX_PATH=${CMAKE_PREFIX_PATH}:/home/dz/slam_ws/install/my_robot_sim:/home/dz/xycar_ws/install/my_lidar:/home/dz/xycar_ws/install/my_cam:/home/dz/xycar_ws/install/kookmin9_viewer:/home/dz/xycar_ws/install/ros_tcp_endpoint:/home/dz/xycar_ws/install/track_drive:/home/dz/xycar_ws/install/my_motor:/home/dz/xycar_ws/install/my_imu:/home/dz/ros2_ws/install/perception2:/home/dz/ros2_ws/install/dataset_to_bag:/opt/ros/humble /usr/bin/cmake /home/dz/lio_ws/src/vehicle_description -DCMAKE_INSTALL_PREFIX=/home/dz/lio_ws/install/vehicle_description
[0.634s] Invoking command in '/home/dz/lio_ws/build/vehicle_description': CMAKE_PREFIX_PATH=${CMAKE_PREFIX_PATH}:/home/dz/slam_ws/install/my_robot_sim:/home/dz/xycar_ws/install/my_lidar:/home/dz/xycar_ws/install/my_cam:/home/dz/xycar_ws/install/kookmin9_viewer:/home/dz/xycar_ws/install/ros_tcp_endpoint:/home/dz/xycar_ws/install/track_drive:/home/dz/xycar_ws/install/my_motor:/home/dz/xycar_ws/install/my_imu:/home/dz/ros2_ws/install/perception2:/home/dz/ros2_ws/install/dataset_to_bag:/opt/ros/humble /usr/bin/cmake --build /home/dz/lio_ws/build/vehicle_description -- -j2 -l2
[0.664s] Invoked command in '/home/dz/lio_ws/build/vehicle_description' returned '0': CMAKE_PREFIX_PATH=${CMAKE_PREFIX_PATH}:/home/dz/slam_ws/install/my_robot_sim:/home/dz/xycar_ws/install/my_lidar:/home/dz/xycar_ws/install/my_cam:/home/dz/xycar_ws/install/kookmin9_viewer:/home/dz/xycar_ws/install/ros_tcp_endpoint:/home/dz/xycar_ws/install/track_drive:/home/dz/xycar_ws/install/my_motor:/home/dz/xycar_ws/install/my_imu:/home/dz/ros2_ws/install/perception2:/home/dz/ros2_ws/install/dataset_to_bag:/opt/ros/humble /usr/bin/cmake --build /home/dz/lio_ws/build/vehicle_description -- -j2 -l2
[0.670s] Invoking command in '/home/dz/lio_ws/build/vehicle_description': CMAKE_PREFIX_PATH=${CMAKE_PREFIX_PATH}:/home/dz/slam_ws/install/my_robot_sim:/home/dz/xycar_ws/install/my_lidar:/home/dz/xycar_ws/install/my_cam:/home/dz/xycar_ws/install/kookmin9_viewer:/home/dz/xycar_ws/install/ros_tcp_endpoint:/home/dz/xycar_ws/install/track_drive:/home/dz/xycar_ws/install/my_motor:/home/dz/xycar_ws/install/my_imu:/home/dz/ros2_ws/install/perception2:/home/dz/ros2_ws/install/dataset_to_bag:/opt/ros/humble /usr/bin/cmake --install /home/dz/lio_ws/build/vehicle_description
[0.676s] -- Install configuration: ""
[0.676s] -- Installing: /home/dz/lio_ws/install/vehicle_description/share/ament_index/resource_index/package_run_dependencies/vehicle_description
[0.676s] -- Installing: /home/dz/lio_ws/install/vehicle_description/share/ament_index/resource_index/parent_prefix_path/vehicle_description
[0.676s] -- Installing: /home/dz/lio_ws/install/vehicle_description/share/vehicle_description/environment/ament_prefix_path.sh
[0.677s] -- Installing: /home/dz/lio_ws/install/vehicle_description/share/vehicle_description/environment/ament_prefix_path.dsv
[0.677s] -- Installing: /home/dz/lio_ws/install/vehicle_description/share/vehicle_description/environment/path.sh
[0.677s] -- Installing: /home/dz/lio_ws/install/vehicle_description/share/vehicle_description/environment/path.dsv
[0.677s] -- Installing: /home/dz/lio_ws/install/vehicle_description/share/vehicle_description/local_setup.bash
[0.677s] -- Installing: /home/dz/lio_ws/install/vehicle_description/share/vehicle_description/local_setup.sh
[0.677s] -- Installing: /home/dz/lio_ws/install/vehicle_description/share/vehicle_description/local_setup.zsh
[0.677s] -- Installing: /home/dz/lio_ws/install/vehicle_description/share/vehicle_description/local_setup.dsv
[0.678s] -- Installing: /home/dz/lio_ws/install/vehicle_description/share/vehicle_description/package.dsv
[0.678s] -- Installing: /home/dz/lio_ws/install/vehicle_description/share/ament_index/resource_index/packages/vehicle_description
[0.678s] -- Installing: /home/dz/lio_ws/install/vehicle_description/share/vehicle_description/cmake/vehicle_descriptionConfig.cmake
[0.678s] -- Installing: /home/dz/lio_ws/install/vehicle_description/share/vehicle_description/cmake/vehicle_descriptionConfig-version.cmake
[0.678s] -- Installing: /home/dz/lio_ws/install/vehicle_description/share/vehicle_description/package.xml
[0.680s] Invoked command in '/home/dz/lio_ws/build/vehicle_description' returned '0': CMAKE_PREFIX_PATH=${CMAKE_PREFIX_PATH}:/home/dz/slam_ws/install/my_robot_sim:/home/dz/xycar_ws/install/my_lidar:/home/dz/xycar_ws/install/my_cam:/home/dz/xycar_ws/install/kookmin9_viewer:/home/dz/xycar_ws/install/ros_tcp_endpoint:/home/dz/xycar_ws/install/track_drive:/home/dz/xycar_ws/install/my_motor:/home/dz/xycar_ws/install/my_imu:/home/dz/ros2_ws/install/perception2:/home/dz/ros2_ws/install/dataset_to_bag:/opt/ros/humble /usr/bin/cmake --install /home/dz/lio_ws/build/vehicle_description
